<?xml version="1.0" encoding="UTF-8"?>
<Site BuildName="(empty)"
	BuildStamp="20220115-1443-Experimental"
	Name="(empty)"
	Generator="ctest-3.16.3"
	CompilerName=""
	CompilerVersion=""
	OSName="Linux"
	Hostname="heyrenqiang"
	OSRelease="5.13.0-25-generic"
	OSVersion="#26~20.04.1-Ubuntu SMP Fri Jan 7 16:27:40 UTC 2022"
	OSPlatform="x86_64"
	Is64Bits="1"
	VendorString="GenuineIntel"
	VendorID="Intel Corporation"
	FamilyID="6"
	ModelID="158"
	ProcessorCacheSize="6144"
	NumberOfLogicalCPU="8"
	NumberOfPhysicalCPU="4"
	TotalVirtualMemory="9765"
	TotalPhysicalMemory="15868"
	LogicalProcessorsPerPhysical="2"
	ProcessorClockFrequency="2294.55"
	>
	<Testing>
		<StartDateTime>Jan 15 22:43 CST</StartDateTime>
		<StartTestTime>1642257823</StartTestTime>
		<TestList/>
		<EndDateTime>Jan 15 22:43 CST</EndDateTime>
		<EndTestTime>1642257823</EndTestTime>
		<ElapsedMinutes>0</ElapsedMinutes>
	</Testing>
</Site>
